Started GET "/" for 127.0.0.1 at 2018-03-24 22:22:24 -0400
  
ActiveRecord::PendingMigrationError (

Migrations are pending. To resolve this issue, run:

        bin/rails db:migrate RAILS_ENV=development

):
  
activerecord (5.1.5) lib/active_record/migration.rb:576:in `check_pending!'
activerecord (5.1.5) lib/active_record/migration.rb:553:in `call'
actionpack (5.1.5) lib/action_dispatch/middleware/callbacks.rb:26:in `block in call'
activesupport (5.1.5) lib/active_support/callbacks.rb:97:in `run_callbacks'
actionpack (5.1.5) lib/action_dispatch/middleware/callbacks.rb:24:in `call'
actionpack (5.1.5) lib/action_dispatch/middleware/executor.rb:12:in `call'
actionpack (5.1.5) lib/action_dispatch/middleware/debug_exceptions.rb:59:in `call'
web-console (3.5.1) lib/web_console/middleware.rb:135:in `call_app'
web-console (3.5.1) lib/web_console/middleware.rb:28:in `block in call'
web-console (3.5.1) lib/web_console/middleware.rb:18:in `catch'
web-console (3.5.1) lib/web_console/middleware.rb:18:in `call'
actionpack (5.1.5) lib/action_dispatch/middleware/show_exceptions.rb:31:in `call'
railties (5.1.5) lib/rails/rack/logger.rb:36:in `call_app'
railties (5.1.5) lib/rails/rack/logger.rb:24:in `block in call'
activesupport (5.1.5) lib/active_support/tagged_logging.rb:69:in `block in tagged'
activesupport (5.1.5) lib/active_support/tagged_logging.rb:26:in `tagged'
activesupport (5.1.5) lib/active_support/tagged_logging.rb:69:in `tagged'
railties (5.1.5) lib/rails/rack/logger.rb:24:in `call'
sprockets-rails (3.2.1) lib/sprockets/rails/quiet_assets.rb:13:in `call'
actionpack (5.1.5) lib/action_dispatch/middleware/remote_ip.rb:79:in `call'
actionpack (5.1.5) lib/action_dispatch/middleware/request_id.rb:25:in `call'
rack (2.0.4) lib/rack/method_override.rb:22:in `call'
rack (2.0.4) lib/rack/runtime.rb:22:in `call'
activesupport (5.1.5) lib/active_support/cache/strategy/local_cache_middleware.rb:27:in `call'
actionpack (5.1.5) lib/action_dispatch/middleware/executor.rb:12:in `call'
actionpack (5.1.5) lib/action_dispatch/middleware/static.rb:125:in `call'
rack (2.0.4) lib/rack/sendfile.rb:111:in `call'
railties (5.1.5) lib/rails/engine.rb:522:in `call'
puma (3.11.3) lib/puma/configuration.rb:225:in `call'
puma (3.11.3) lib/puma/server.rb:624:in `handle_request'
puma (3.11.3) lib/puma/server.rb:438:in `process_client'
puma (3.11.3) lib/puma/server.rb:302:in `block in run'
puma (3.11.3) lib/puma/thread_pool.rb:120:in `block in spawn_thread'
  [1m[35m (0.1ms)[0m  [1m[34mSELECT sqlite_version(*)[0m
  [1m[35m (1.1ms)[0m  [1m[35mCREATE TABLE "schema_migrations" ("version" varchar NOT NULL PRIMARY KEY)[0m
  [1m[35m (2.0ms)[0m  [1m[35mCREATE TABLE "ar_internal_metadata" ("key" varchar NOT NULL PRIMARY KEY, "value" varchar, "created_at" datetime NOT NULL, "updated_at" datetime NOT NULL)[0m
  [1m[35m (0.2ms)[0m  [1m[34mSELECT "schema_migrations"."version" FROM "schema_migrations" ORDER BY "schema_migrations"."version" ASC[0m
Migrating to CreateHouses (20180323144423)
  [1m[35m (0.1ms)[0m  [1m[36mbegin transaction[0m
  [1m[35m (0.6ms)[0m  [1m[35mCREATE TABLE "houses" ("id" INTEGER PRIMARY KEY AUTOINCREMENT NOT NULL, "address" varchar, "size" integer, "room" integer, "bathroom" integer, "city" varchar, "postal_code" varchar, "basement" integer, "property_type" varchar, "price" integer, "created_at" datetime NOT NULL, "updated_at" datetime NOT NULL)[0m
  [1m[35mSQL (0.3ms)[0m  [1m[32mINSERT INTO "schema_migrations" ("version") VALUES (?)[0m  [["version", "20180323144423"]]
  [1m[35m (0.9ms)[0m  [1m[36mcommit transaction[0m
Migrating to AddDescriptionToHouses (20180323172721)
  [1m[35m (0.1ms)[0m  [1m[36mbegin transaction[0m
  [1m[35m (0.4ms)[0m  [1m[35mALTER TABLE "houses" ADD "description" text[0m
  [1m[35mSQL (0.2ms)[0m  [1m[32mINSERT INTO "schema_migrations" ("version") VALUES (?)[0m  [["version", "20180323172721"]]
  [1m[35m (0.7ms)[0m  [1m[36mcommit transaction[0m
Migrating to DeviseCreateUsers (20180324154535)
  [1m[35m (0.1ms)[0m  [1m[36mbegin transaction[0m
  [1m[35m (0.5ms)[0m  [1m[35mCREATE TABLE "users" ("id" INTEGER PRIMARY KEY AUTOINCREMENT NOT NULL, "email" varchar DEFAULT '' NOT NULL, "encrypted_password" varchar DEFAULT '' NOT NULL, "reset_password_token" varchar, "reset_password_sent_at" datetime, "remember_created_at" datetime, "sign_in_count" integer DEFAULT 0 NOT NULL, "current_sign_in_at" datetime, "last_sign_in_at" datetime, "current_sign_in_ip" varchar, "last_sign_in_ip" varchar, "created_at" datetime NOT NULL, "updated_at" datetime NOT NULL)[0m
  [1m[35m (0.2ms)[0m  [1m[35mCREATE UNIQUE INDEX "index_users_on_email" ON "users" ("email")[0m
  [1m[35m (0.1ms)[0m  [1m[34m            SELECT sql
            FROM sqlite_master
            WHERE name='index_users_on_email' AND type='index'
            UNION ALL
            SELECT sql
            FROM sqlite_temp_master
            WHERE name='index_users_on_email' AND type='index'
[0m
  [1m[35m (0.2ms)[0m  [1m[35mCREATE UNIQUE INDEX "index_users_on_reset_password_token" ON "users" ("reset_password_token")[0m
  [1m[35mSQL (0.2ms)[0m  [1m[32mINSERT INTO "schema_migrations" ("version") VALUES (?)[0m  [["version", "20180324154535"]]
  [1m[35m (1.1ms)[0m  [1m[36mcommit transaction[0m
Migrating to AddNameToUsers (20180324164626)
  [1m[35m (0.1ms)[0m  [1m[36mbegin transaction[0m
  [1m[35m (0.9ms)[0m  [1m[35mALTER TABLE "users" ADD "name" varchar[0m
  [1m[35mSQL (0.2ms)[0m  [1m[32mINSERT INTO "schema_migrations" ("version") VALUES (?)[0m  [["version", "20180324164626"]]
  [1m[35m (0.8ms)[0m  [1m[36mcommit transaction[0m
Migrating to AddUserIdToHouses (20180324220755)
  [1m[35m (0.1ms)[0m  [1m[36mbegin transaction[0m
  [1m[35m (0.4ms)[0m  [1m[35mALTER TABLE "houses" ADD "user_id" integer[0m
  [1m[35mSQL (0.2ms)[0m  [1m[32mINSERT INTO "schema_migrations" ("version") VALUES (?)[0m  [["version", "20180324220755"]]
  [1m[35m (0.8ms)[0m  [1m[36mcommit transaction[0m
Migrating to CreateCategories (20180324223554)
  [1m[35m (0.1ms)[0m  [1m[36mbegin transaction[0m
  [1m[35m (0.5ms)[0m  [1m[35mCREATE TABLE "categories" ("id" INTEGER PRIMARY KEY AUTOINCREMENT NOT NULL, "name" varchar, "created_at" datetime NOT NULL, "updated_at" datetime NOT NULL)[0m
  [1m[35mSQL (0.2ms)[0m  [1m[32mINSERT INTO "schema_migrations" ("version") VALUES (?)[0m  [["version", "20180324223554"]]
  [1m[35m (1.1ms)[0m  [1m[36mcommit transaction[0m
Migrating to RemovePropertyTypeFromHouses (20180324223922)
  [1m[35m (0.1ms)[0m  [1m[36mbegin transaction[0m
  [1m[35m (0.3ms)[0m  [1m[35mCREATE TEMPORARY TABLE "ahouses" ("id" integer NOT NULL PRIMARY KEY, "address" varchar DEFAULT NULL, "size" integer DEFAULT NULL, "room" integer DEFAULT NULL, "bathroom" integer DEFAULT NULL, "city" varchar DEFAULT NULL, "postal_code" varchar DEFAULT NULL, "basement" integer DEFAULT NULL, "property_type" varchar DEFAULT NULL, "price" integer DEFAULT NULL, "created_at" datetime NOT NULL, "updated_at" datetime NOT NULL, "description" text DEFAULT NULL, "user_id" integer DEFAULT NULL)[0m
  [1m[35m (0.1ms)[0m  [1m[32mINSERT INTO "ahouses" ("id","address","size","room","bathroom","city","postal_code","basement","property_type","price","created_at","updated_at","description","user_id")
                     SELECT "id","address","size","room","bathroom","city","postal_code","basement","property_type","price","created_at","updated_at","description","user_id" FROM "houses"[0m
  [1m[35m (0.3ms)[0m  [1m[35mDROP TABLE "houses"[0m
  [1m[35m (0.2ms)[0m  [1m[35mCREATE TABLE "houses" ("id" integer NOT NULL PRIMARY KEY, "address" varchar DEFAULT NULL, "size" integer DEFAULT NULL, "room" integer DEFAULT NULL, "bathroom" integer DEFAULT NULL, "city" varchar DEFAULT NULL, "postal_code" varchar DEFAULT NULL, "basement" integer DEFAULT NULL, "price" integer DEFAULT NULL, "created_at" datetime NOT NULL, "updated_at" datetime NOT NULL, "description" text DEFAULT NULL, "user_id" integer DEFAULT NULL)[0m
  [1m[35m (0.1ms)[0m  [1m[32mINSERT INTO "houses" ("id","address","size","room","bathroom","city","postal_code","basement","price","created_at","updated_at","description","user_id")
                     SELECT "id","address","size","room","bathroom","city","postal_code","basement","price","created_at","updated_at","description","user_id" FROM "ahouses"[0m
  [1m[35m (0.2ms)[0m  [1m[35mDROP TABLE "ahouses"[0m
  [1m[35mSQL (0.2ms)[0m  [1m[32mINSERT INTO "schema_migrations" ("version") VALUES (?)[0m  [["version", "20180324223922"]]
  [1m[35m (0.8ms)[0m  [1m[36mcommit transaction[0m
Migrating to AddCategoryIdToHouse (20180324225221)
  [1m[35m (0.1ms)[0m  [1m[36mbegin transaction[0m
  [1m[35m (0.5ms)[0m  [1m[35mALTER TABLE "houses" ADD "category_id" integer[0m
  [1m[35mSQL (0.2ms)[0m  [1m[32mINSERT INTO "schema_migrations" ("version") VALUES (?)[0m  [["version", "20180324225221"]]
  [1m[35m (0.9ms)[0m  [1m[36mcommit transaction[0m
  [1m[36mActiveRecord::InternalMetadata Load (0.2ms)[0m  [1m[34mSELECT  "ar_internal_metadata".* FROM "ar_internal_metadata" WHERE "ar_internal_metadata"."key" = ? LIMIT ?[0m  [["key", "environment"], ["LIMIT", 1]]
  [1m[35m (0.1ms)[0m  [1m[36mbegin transaction[0m
  [1m[35mSQL (0.7ms)[0m  [1m[32mINSERT INTO "ar_internal_metadata" ("key", "value", "created_at", "updated_at") VALUES (?, ?, ?, ?)[0m  [["key", "environment"], ["value", "development"], ["created_at", "2018-03-25 02:23:05.830500"], ["updated_at", "2018-03-25 02:23:05.830500"]]
  [1m[35m (0.8ms)[0m  [1m[36mcommit transaction[0m
  [1m[35m (0.3ms)[0m  [1m[34mSELECT "schema_migrations"."version" FROM "schema_migrations" ORDER BY "schema_migrations"."version" ASC[0m
  [1m[35m (0.2ms)[0m  [1m[34m            SELECT sql
            FROM sqlite_master
            WHERE name='index_users_on_reset_password_token' AND type='index'
            UNION ALL
            SELECT sql
            FROM sqlite_temp_master
            WHERE name='index_users_on_reset_password_token' AND type='index'
[0m
  [1m[35m (0.1ms)[0m  [1m[34m            SELECT sql
            FROM sqlite_master
            WHERE name='index_users_on_email' AND type='index'
            UNION ALL
            SELECT sql
            FROM sqlite_temp_master
            WHERE name='index_users_on_email' AND type='index'
[0m
Started GET "/" for 127.0.0.1 at 2018-03-24 22:23:21 -0400
  [1m[35m (0.4ms)[0m  [1m[34mSELECT "schema_migrations"."version" FROM "schema_migrations" ORDER BY "schema_migrations"."version" ASC[0m
Processing by HousesController#index as HTML
  Rendering houses/index.html.erb within layouts/application
  [1m[35m (0.5ms)[0m  [1m[34mSELECT COUNT(*) FROM "houses"[0m
  Rendered houses/index.html.erb within layouts/application (4544.1ms)
  [1m[36mCategory Load (0.5ms)[0m  [1m[34mSELECT "categories".* FROM "categories"[0m
Completed 200 OK in 4737ms (Views: 4715.8ms | ActiveRecord: 2.0ms)


Started GET "/" for 127.0.0.1 at 2018-03-24 23:00:36 -0400
  [1m[35m (0.5ms)[0m  [1m[34mSELECT "schema_migrations"."version" FROM "schema_migrations" ORDER BY "schema_migrations"."version" ASC[0m
Processing by HousesController#index as HTML
  Rendering houses/index.html.erb within layouts/application
  [1m[35m (0.5ms)[0m  [1m[34mSELECT COUNT(*) FROM "houses"[0m
  Rendered houses/index.html.erb within layouts/application (312.2ms)
  [1m[36mCategory Load (0.4ms)[0m  [1m[34mSELECT "categories".* FROM "categories"[0m
Completed 200 OK in 458ms (Views: 435.7ms | ActiveRecord: 1.8ms)


Started GET "/" for 127.0.0.1 at 2018-03-24 23:02:43 -0400
Processing by HousesController#index as HTML
  Rendering houses/index.html.erb within layouts/application
  [1m[35m (0.2ms)[0m  [1m[34mSELECT COUNT(*) FROM "houses"[0m
  Rendered houses/index.html.erb within layouts/application (4.5ms)
  [1m[36mCategory Load (0.2ms)[0m  [1m[34mSELECT "categories".* FROM "categories"[0m
Completed 200 OK in 107ms (Views: 104.1ms | ActiveRecord: 0.3ms)


Started GET "/" for 127.0.0.1 at 2018-03-24 23:03:58 -0400
Processing by HousesController#index as HTML
  Rendering houses/index.html.erb within layouts/application
  [1m[35m (0.7ms)[0m  [1m[34mSELECT COUNT(*) FROM "houses"[0m
  Rendered houses/index.html.erb within layouts/application (5.8ms)
  [1m[36mCategory Load (0.4ms)[0m  [1m[34mSELECT "categories".* FROM "categories"[0m
Completed 200 OK in 84ms (Views: 79.7ms | ActiveRecord: 1.1ms)


Started GET "/" for 127.0.0.1 at 2018-03-24 23:04:01 -0400
Processing by HousesController#index as HTML
  Rendering houses/index.html.erb within layouts/application
  [1m[35m (0.2ms)[0m  [1m[34mSELECT COUNT(*) FROM "houses"[0m
  Rendered houses/index.html.erb within layouts/application (5.4ms)
  [1m[36mCategory Load (0.2ms)[0m  [1m[34mSELECT "categories".* FROM "categories"[0m
Completed 200 OK in 68ms (Views: 65.5ms | ActiveRecord: 0.3ms)


Started GET "/" for 127.0.0.1 at 2018-03-24 23:04:40 -0400
Processing by HousesController#index as HTML
  Rendering houses/index.html.erb within layouts/application
  [1m[35m (0.2ms)[0m  [1m[34mSELECT COUNT(*) FROM "houses"[0m
  Rendered houses/index.html.erb within layouts/application (4.3ms)
  [1m[36mCategory Load (0.2ms)[0m  [1m[34mSELECT "categories".* FROM "categories"[0m
Completed 200 OK in 71ms (Views: 68.2ms | ActiveRecord: 0.3ms)


Started GET "/" for 127.0.0.1 at 2018-03-24 23:05:35 -0400
Processing by HousesController#index as HTML
  Rendering houses/index.html.erb within layouts/application
  [1m[35m (0.2ms)[0m  [1m[34mSELECT COUNT(*) FROM "houses"[0m
  Rendered houses/index.html.erb within layouts/application (3.7ms)
  [1m[36mCategory Load (0.3ms)[0m  [1m[34mSELECT "categories".* FROM "categories"[0m
Completed 200 OK in 63ms (Views: 59.8ms | ActiveRecord: 0.5ms)


Started GET "/" for 127.0.0.1 at 2018-03-24 23:07:27 -0400
Processing by HousesController#index as HTML
  Rendering houses/index.html.erb within layouts/application
  [1m[35m (0.2ms)[0m  [1m[34mSELECT COUNT(*) FROM "houses"[0m
  Rendered houses/index.html.erb within layouts/application (4.4ms)
  [1m[36mCategory Load (0.2ms)[0m  [1m[34mSELECT "categories".* FROM "categories"[0m
Completed 200 OK in 72ms (Views: 68.8ms | ActiveRecord: 0.3ms)


Started GET "/" for 127.0.0.1 at 2018-03-24 23:07:30 -0400
Processing by HousesController#index as HTML
  Rendering houses/index.html.erb within layouts/application
  [1m[35m (0.2ms)[0m  [1m[34mSELECT COUNT(*) FROM "houses"[0m
  Rendered houses/index.html.erb within layouts/application (3.9ms)
  [1m[36mCategory Load (0.3ms)[0m  [1m[34mSELECT "categories".* FROM "categories"[0m
Completed 200 OK in 66ms (Views: 62.9ms | ActiveRecord: 0.5ms)


Started GET "/" for 127.0.0.1 at 2018-03-24 23:09:26 -0400
Processing by HousesController#index as HTML
  Rendering houses/index.html.erb within layouts/application
  [1m[35m (1.0ms)[0m  [1m[34mSELECT COUNT(*) FROM "houses"[0m
  Rendered houses/index.html.erb within layouts/application (9.5ms)
  [1m[36mCategory Load (0.4ms)[0m  [1m[34mSELECT "categories".* FROM "categories"[0m
Completed 200 OK in 107ms (Views: 100.2ms | ActiveRecord: 1.4ms)


Started GET "/" for 127.0.0.1 at 2018-03-24 23:09:29 -0400
Processing by HousesController#index as HTML
  Rendering houses/index.html.erb within layouts/application
  [1m[35m (0.2ms)[0m  [1m[34mSELECT COUNT(*) FROM "houses"[0m
  Rendered houses/index.html.erb within layouts/application (4.7ms)
  [1m[36mCategory Load (0.1ms)[0m  [1m[34mSELECT "categories".* FROM "categories"[0m
Completed 200 OK in 74ms (Views: 70.7ms | ActiveRecord: 0.3ms)


Started GET "/" for 127.0.0.1 at 2018-03-24 23:09:45 -0400
Processing by HousesController#index as HTML
  Rendering houses/index.html.erb within layouts/application
  [1m[35m (0.2ms)[0m  [1m[34mSELECT COUNT(*) FROM "houses"[0m
  Rendered houses/index.html.erb within layouts/application (6.1ms)
  [1m[36mCategory Load (0.2ms)[0m  [1m[34mSELECT "categories".* FROM "categories"[0m
Completed 200 OK in 88ms (Views: 84.5ms | ActiveRecord: 0.4ms)


Started GET "/" for 127.0.0.1 at 2018-03-24 23:09:54 -0400
Processing by HousesController#index as HTML
  Rendering houses/index.html.erb within layouts/application
  [1m[35m (0.1ms)[0m  [1m[34mSELECT COUNT(*) FROM "houses"[0m
  Rendered houses/index.html.erb within layouts/application (3.3ms)
  [1m[36mCategory Load (0.2ms)[0m  [1m[34mSELECT "categories".* FROM "categories"[0m
Completed 200 OK in 63ms (Views: 60.3ms | ActiveRecord: 0.3ms)


Started GET "/" for 127.0.0.1 at 2018-03-24 23:18:08 -0400
Processing by HousesController#index as HTML
  Rendering houses/index.html.erb within layouts/application
  [1m[35m (4.2ms)[0m  [1m[34mSELECT COUNT(*) FROM "houses"[0m
  Rendered houses/index.html.erb within layouts/application (25.1ms)
  [1m[36mCategory Load (0.6ms)[0m  [1m[34mSELECT "categories".* FROM "categories"[0m
Completed 200 OK in 333ms (Views: 317.7ms | ActiveRecord: 4.8ms)


Started GET "/searchicon.png" for 127.0.0.1 at 2018-03-24 23:18:09 -0400
  
ActionController::RoutingError (No route matches [GET] "/searchicon.png"):
  
actionpack (5.1.5) lib/action_dispatch/middleware/debug_exceptions.rb:63:in `call'
web-console (3.5.1) lib/web_console/middleware.rb:135:in `call_app'
web-console (3.5.1) lib/web_console/middleware.rb:28:in `block in call'
web-console (3.5.1) lib/web_console/middleware.rb:18:in `catch'
web-console (3.5.1) lib/web_console/middleware.rb:18:in `call'
actionpack (5.1.5) lib/action_dispatch/middleware/show_exceptions.rb:31:in `call'
railties (5.1.5) lib/rails/rack/logger.rb:36:in `call_app'
railties (5.1.5) lib/rails/rack/logger.rb:24:in `block in call'
activesupport (5.1.5) lib/active_support/tagged_logging.rb:69:in `block in tagged'
activesupport (5.1.5) lib/active_support/tagged_logging.rb:26:in `tagged'
activesupport (5.1.5) lib/active_support/tagged_logging.rb:69:in `tagged'
railties (5.1.5) lib/rails/rack/logger.rb:24:in `call'
sprockets-rails (3.2.1) lib/sprockets/rails/quiet_assets.rb:13:in `call'
actionpack (5.1.5) lib/action_dispatch/middleware/remote_ip.rb:79:in `call'
actionpack (5.1.5) lib/action_dispatch/middleware/request_id.rb:25:in `call'
rack (2.0.4) lib/rack/method_override.rb:22:in `call'
rack (2.0.4) lib/rack/runtime.rb:22:in `call'
activesupport (5.1.5) lib/active_support/cache/strategy/local_cache_middleware.rb:27:in `call'
actionpack (5.1.5) lib/action_dispatch/middleware/executor.rb:12:in `call'
actionpack (5.1.5) lib/action_dispatch/middleware/static.rb:125:in `call'
rack (2.0.4) lib/rack/sendfile.rb:111:in `call'
railties (5.1.5) lib/rails/engine.rb:522:in `call'
puma (3.11.3) lib/puma/configuration.rb:225:in `call'
puma (3.11.3) lib/puma/server.rb:624:in `handle_request'
puma (3.11.3) lib/puma/server.rb:438:in `process_client'
puma (3.11.3) lib/puma/server.rb:302:in `block in run'
puma (3.11.3) lib/puma/thread_pool.rb:120:in `block in spawn_thread'
Started GET "/" for 127.0.0.1 at 2018-03-24 23:18:11 -0400
Processing by HousesController#index as HTML
  Rendering houses/index.html.erb within layouts/application
  [1m[35m (0.2ms)[0m  [1m[34mSELECT COUNT(*) FROM "houses"[0m
  Rendered houses/index.html.erb within layouts/application (4.0ms)
  [1m[36mCategory Load (0.2ms)[0m  [1m[34mSELECT "categories".* FROM "categories"[0m
Completed 200 OK in 85ms (Views: 81.4ms | ActiveRecord: 0.4ms)


Started GET "/searchicon.png" for 127.0.0.1 at 2018-03-24 23:18:11 -0400
  
ActionController::RoutingError (No route matches [GET] "/searchicon.png"):
  
actionpack (5.1.5) lib/action_dispatch/middleware/debug_exceptions.rb:63:in `call'
web-console (3.5.1) lib/web_console/middleware.rb:135:in `call_app'
web-console (3.5.1) lib/web_console/middleware.rb:28:in `block in call'
web-console (3.5.1) lib/web_console/middleware.rb:18:in `catch'
web-console (3.5.1) lib/web_console/middleware.rb:18:in `call'
actionpack (5.1.5) lib/action_dispatch/middleware/show_exceptions.rb:31:in `call'
railties (5.1.5) lib/rails/rack/logger.rb:36:in `call_app'
railties (5.1.5) lib/rails/rack/logger.rb:24:in `block in call'
activesupport (5.1.5) lib/active_support/tagged_logging.rb:69:in `block in tagged'
activesupport (5.1.5) lib/active_support/tagged_logging.rb:26:in `tagged'
activesupport (5.1.5) lib/active_support/tagged_logging.rb:69:in `tagged'
railties (5.1.5) lib/rails/rack/logger.rb:24:in `call'
sprockets-rails (3.2.1) lib/sprockets/rails/quiet_assets.rb:13:in `call'
actionpack (5.1.5) lib/action_dispatch/middleware/remote_ip.rb:79:in `call'
actionpack (5.1.5) lib/action_dispatch/middleware/request_id.rb:25:in `call'
rack (2.0.4) lib/rack/method_override.rb:22:in `call'
rack (2.0.4) lib/rack/runtime.rb:22:in `call'
activesupport (5.1.5) lib/active_support/cache/strategy/local_cache_middleware.rb:27:in `call'
actionpack (5.1.5) lib/action_dispatch/middleware/executor.rb:12:in `call'
actionpack (5.1.5) lib/action_dispatch/middleware/static.rb:125:in `call'
rack (2.0.4) lib/rack/sendfile.rb:111:in `call'
railties (5.1.5) lib/rails/engine.rb:522:in `call'
puma (3.11.3) lib/puma/configuration.rb:225:in `call'
puma (3.11.3) lib/puma/server.rb:624:in `handle_request'
puma (3.11.3) lib/puma/server.rb:438:in `process_client'
puma (3.11.3) lib/puma/server.rb:302:in `block in run'
puma (3.11.3) lib/puma/thread_pool.rb:120:in `block in spawn_thread'
Started GET "/" for 127.0.0.1 at 2018-03-24 23:19:23 -0400
Processing by HousesController#index as HTML
  Rendering houses/index.html.erb within layouts/application
  [1m[35m (0.5ms)[0m  [1m[34mSELECT COUNT(*) FROM "houses"[0m
  Rendered houses/index.html.erb within layouts/application (5.1ms)
  [1m[36mCategory Load (0.4ms)[0m  [1m[34mSELECT "categories".* FROM "categories"[0m
Completed 200 OK in 82ms (Views: 78.1ms | ActiveRecord: 0.9ms)


Started GET "/searchicon.png" for 127.0.0.1 at 2018-03-24 23:19:24 -0400
  
ActionController::RoutingError (No route matches [GET] "/searchicon.png"):
  
actionpack (5.1.5) lib/action_dispatch/middleware/debug_exceptions.rb:63:in `call'
web-console (3.5.1) lib/web_console/middleware.rb:135:in `call_app'
web-console (3.5.1) lib/web_console/middleware.rb:28:in `block in call'
web-console (3.5.1) lib/web_console/middleware.rb:18:in `catch'
web-console (3.5.1) lib/web_console/middleware.rb:18:in `call'
actionpack (5.1.5) lib/action_dispatch/middleware/show_exceptions.rb:31:in `call'
railties (5.1.5) lib/rails/rack/logger.rb:36:in `call_app'
railties (5.1.5) lib/rails/rack/logger.rb:24:in `block in call'
activesupport (5.1.5) lib/active_support/tagged_logging.rb:69:in `block in tagged'
activesupport (5.1.5) lib/active_support/tagged_logging.rb:26:in `tagged'
activesupport (5.1.5) lib/active_support/tagged_logging.rb:69:in `tagged'
railties (5.1.5) lib/rails/rack/logger.rb:24:in `call'
sprockets-rails (3.2.1) lib/sprockets/rails/quiet_assets.rb:13:in `call'
actionpack (5.1.5) lib/action_dispatch/middleware/remote_ip.rb:79:in `call'
actionpack (5.1.5) lib/action_dispatch/middleware/request_id.rb:25:in `call'
rack (2.0.4) lib/rack/method_override.rb:22:in `call'
rack (2.0.4) lib/rack/runtime.rb:22:in `call'
activesupport (5.1.5) lib/active_support/cache/strategy/local_cache_middleware.rb:27:in `call'
actionpack (5.1.5) lib/action_dispatch/middleware/executor.rb:12:in `call'
actionpack (5.1.5) lib/action_dispatch/middleware/static.rb:125:in `call'
rack (2.0.4) lib/rack/sendfile.rb:111:in `call'
railties (5.1.5) lib/rails/engine.rb:522:in `call'
puma (3.11.3) lib/puma/configuration.rb:225:in `call'
puma (3.11.3) lib/puma/server.rb:624:in `handle_request'
puma (3.11.3) lib/puma/server.rb:438:in `process_client'
puma (3.11.3) lib/puma/server.rb:302:in `block in run'
puma (3.11.3) lib/puma/thread_pool.rb:120:in `block in spawn_thread'
Started GET "/" for 127.0.0.1 at 2018-03-24 23:19:26 -0400
Processing by HousesController#index as HTML
  Rendering houses/index.html.erb within layouts/application
  [1m[35m (0.1ms)[0m  [1m[34mSELECT COUNT(*) FROM "houses"[0m
  Rendered houses/index.html.erb within layouts/application (3.3ms)
  [1m[36mCategory Load (0.3ms)[0m  [1m[34mSELECT "categories".* FROM "categories"[0m
Completed 200 OK in 60ms (Views: 57.5ms | ActiveRecord: 0.4ms)


Started GET "/searchicon.png" for 127.0.0.1 at 2018-03-24 23:19:26 -0400
  
ActionController::RoutingError (No route matches [GET] "/searchicon.png"):
  
actionpack (5.1.5) lib/action_dispatch/middleware/debug_exceptions.rb:63:in `call'
web-console (3.5.1) lib/web_console/middleware.rb:135:in `call_app'
web-console (3.5.1) lib/web_console/middleware.rb:28:in `block in call'
web-console (3.5.1) lib/web_console/middleware.rb:18:in `catch'
web-console (3.5.1) lib/web_console/middleware.rb:18:in `call'
actionpack (5.1.5) lib/action_dispatch/middleware/show_exceptions.rb:31:in `call'
railties (5.1.5) lib/rails/rack/logger.rb:36:in `call_app'
railties (5.1.5) lib/rails/rack/logger.rb:24:in `block in call'
activesupport (5.1.5) lib/active_support/tagged_logging.rb:69:in `block in tagged'
activesupport (5.1.5) lib/active_support/tagged_logging.rb:26:in `tagged'
activesupport (5.1.5) lib/active_support/tagged_logging.rb:69:in `tagged'
railties (5.1.5) lib/rails/rack/logger.rb:24:in `call'
sprockets-rails (3.2.1) lib/sprockets/rails/quiet_assets.rb:13:in `call'
actionpack (5.1.5) lib/action_dispatch/middleware/remote_ip.rb:79:in `call'
actionpack (5.1.5) lib/action_dispatch/middleware/request_id.rb:25:in `call'
rack (2.0.4) lib/rack/method_override.rb:22:in `call'
rack (2.0.4) lib/rack/runtime.rb:22:in `call'
activesupport (5.1.5) lib/active_support/cache/strategy/local_cache_middleware.rb:27:in `call'
actionpack (5.1.5) lib/action_dispatch/middleware/executor.rb:12:in `call'
actionpack (5.1.5) lib/action_dispatch/middleware/static.rb:125:in `call'
rack (2.0.4) lib/rack/sendfile.rb:111:in `call'
railties (5.1.5) lib/rails/engine.rb:522:in `call'
puma (3.11.3) lib/puma/configuration.rb:225:in `call'
puma (3.11.3) lib/puma/server.rb:624:in `handle_request'
puma (3.11.3) lib/puma/server.rb:438:in `process_client'
puma (3.11.3) lib/puma/server.rb:302:in `block in run'
puma (3.11.3) lib/puma/thread_pool.rb:120:in `block in spawn_thread'
Started GET "/users/sign_up" for 127.0.0.1 at 2018-03-24 23:19:45 -0400
Processing by Devise::RegistrationsController#new as HTML
  Rendering devise/registrations/new.html.erb within layouts/application
  Rendered devise/shared/_links.html.erb (1.4ms)
  Rendered devise/registrations/new.html.erb within layouts/application (90.4ms)
  [1m[36mCategory Load (0.2ms)[0m  [1m[34mSELECT "categories".* FROM "categories"[0m
Completed 200 OK in 191ms (Views: 167.5ms | ActiveRecord: 1.0ms)


Started POST "/users" for 127.0.0.1 at 2018-03-24 23:20:08 -0400
Processing by Devise::RegistrationsController#create as HTML
  Parameters: {"utf8"=>"✓", "authenticity_token"=>"45IT/aJrQf/PKU2Z9/yrx477U7Qqv3J+f6gJe43PoAewDwr8BLh/Kb4rAQLaVEe39pdtIT5VOnbkaohQkAeVyQ==", "user"=>{"name"=>"Frank", "email"=>"111@ere.com", "password"=>"[FILTERED]", "password_confirmation"=>"[FILTERED]"}, "commit"=>"Sign up"}
Unpermitted parameter: :name
  [1m[35m (0.1ms)[0m  [1m[36mbegin transaction[0m
  [1m[36mUser Exists (0.4ms)[0m  [1m[34mSELECT  1 AS one FROM "users" WHERE "users"."email" = ? LIMIT ?[0m  [["email", "111@ere.com"], ["LIMIT", 1]]
  [1m[35mSQL (1.1ms)[0m  [1m[32mINSERT INTO "users" ("email", "encrypted_password", "created_at", "updated_at") VALUES (?, ?, ?, ?)[0m  [["email", "111@ere.com"], ["encrypted_password", "$2a$11$stRTTUsrFyxr.0P72Y9F4uIh3.6V45GtO18xvROCEqSoZg5UCy25a"], ["created_at", "2018-03-25 03:20:08.974037"], ["updated_at", "2018-03-25 03:20:08.974037"]]
  [1m[35m (1.1ms)[0m  [1m[36mcommit transaction[0m
  [1m[35m (0.1ms)[0m  [1m[36mbegin transaction[0m
  [1m[35mSQL (0.4ms)[0m  [1m[33mUPDATE "users" SET "sign_in_count" = ?, "current_sign_in_at" = ?, "last_sign_in_at" = ?, "current_sign_in_ip" = ?, "last_sign_in_ip" = ?, "updated_at" = ? WHERE "users"."id" = ?[0m  [["sign_in_count", 1], ["current_sign_in_at", "2018-03-25 03:20:08.978995"], ["last_sign_in_at", "2018-03-25 03:20:08.978995"], ["current_sign_in_ip", "127.0.0.1"], ["last_sign_in_ip", "127.0.0.1"], ["updated_at", "2018-03-25 03:20:08.979858"], ["id", 1]]
  [1m[35m (0.9ms)[0m  [1m[36mcommit transaction[0m
Redirected to http://localhost:3000/
Completed 302 Found in 193ms (ActiveRecord: 4.0ms)


Started GET "/" for 127.0.0.1 at 2018-03-24 23:20:09 -0400
Processing by HousesController#index as HTML
  Rendering houses/index.html.erb within layouts/application
  [1m[35m (0.2ms)[0m  [1m[34mSELECT COUNT(*) FROM "houses"[0m
  Rendered houses/index.html.erb within layouts/application (4.1ms)
  [1m[36mCategory Load (0.2ms)[0m  [1m[34mSELECT "categories".* FROM "categories"[0m
  [1m[36mUser Load (0.4ms)[0m  [1m[34mSELECT  "users".* FROM "users" WHERE "users"."id" = ? ORDER BY "users"."id" ASC LIMIT ?[0m  [["id", 1], ["LIMIT", 1]]
Completed 200 OK in 89ms (Views: 85.8ms | ActiveRecord: 0.7ms)


Started GET "/searchicon.png" for 127.0.0.1 at 2018-03-24 23:20:09 -0400
  
ActionController::RoutingError (No route matches [GET] "/searchicon.png"):
  
actionpack (5.1.5) lib/action_dispatch/middleware/debug_exceptions.rb:63:in `call'
web-console (3.5.1) lib/web_console/middleware.rb:135:in `call_app'
web-console (3.5.1) lib/web_console/middleware.rb:28:in `block in call'
web-console (3.5.1) lib/web_console/middleware.rb:18:in `catch'
web-console (3.5.1) lib/web_console/middleware.rb:18:in `call'
actionpack (5.1.5) lib/action_dispatch/middleware/show_exceptions.rb:31:in `call'
railties (5.1.5) lib/rails/rack/logger.rb:36:in `call_app'
railties (5.1.5) lib/rails/rack/logger.rb:24:in `block in call'
activesupport (5.1.5) lib/active_support/tagged_logging.rb:69:in `block in tagged'
activesupport (5.1.5) lib/active_support/tagged_logging.rb:26:in `tagged'
activesupport (5.1.5) lib/active_support/tagged_logging.rb:69:in `tagged'
railties (5.1.5) lib/rails/rack/logger.rb:24:in `call'
sprockets-rails (3.2.1) lib/sprockets/rails/quiet_assets.rb:13:in `call'
actionpack (5.1.5) lib/action_dispatch/middleware/remote_ip.rb:79:in `call'
actionpack (5.1.5) lib/action_dispatch/middleware/request_id.rb:25:in `call'
rack (2.0.4) lib/rack/method_override.rb:22:in `call'
rack (2.0.4) lib/rack/runtime.rb:22:in `call'
activesupport (5.1.5) lib/active_support/cache/strategy/local_cache_middleware.rb:27:in `call'
actionpack (5.1.5) lib/action_dispatch/middleware/executor.rb:12:in `call'
actionpack (5.1.5) lib/action_dispatch/middleware/static.rb:125:in `call'
rack (2.0.4) lib/rack/sendfile.rb:111:in `call'
railties (5.1.5) lib/rails/engine.rb:522:in `call'
puma (3.11.3) lib/puma/configuration.rb:225:in `call'
puma (3.11.3) lib/puma/server.rb:624:in `handle_request'
puma (3.11.3) lib/puma/server.rb:438:in `process_client'
puma (3.11.3) lib/puma/server.rb:302:in `block in run'
puma (3.11.3) lib/puma/thread_pool.rb:120:in `block in spawn_thread'
Started GET "/houses/new" for 127.0.0.1 at 2018-03-24 23:20:21 -0400
Processing by HousesController#new as HTML
  [1m[36mUser Load (0.3ms)[0m  [1m[34mSELECT  "users".* FROM "users" WHERE "users"."id" = ? ORDER BY "users"."id" ASC LIMIT ?[0m  [["id", 1], ["LIMIT", 1]]
  [1m[36mCategory Load (0.2ms)[0m  [1m[34mSELECT "categories".* FROM "categories"[0m
  Rendering houses/new.html.erb within layouts/application
  Rendered houses/_form.html.erb (12.4ms)
  Rendered houses/new.html.erb within layouts/application (14.9ms)
  [1m[36mCACHE Category Load (0.0ms)[0m  [1m[34mSELECT "categories".* FROM "categories"[0m
Completed 200 OK in 127ms (Views: 72.3ms | ActiveRecord: 1.1ms)


Started POST "/houses" for 127.0.0.1 at 2018-03-24 23:21:05 -0400
Processing by HousesController#create as HTML
  Parameters: {"utf8"=>"✓", "authenticity_token"=>"Km5sTNii9yXYILw9lnjWHT69a0UXReJOc2X4rMO9YbUbRjkige7ClfIaZwzCUoEq8xLPqWupoqT27zOwaX+XGA==", "category_id"=>"", "house"=>{"address"=>"asdasd", "size"=>"222", "room"=>"5", "bathroom"=>"2", "city"=>"ww", "postal_code"=>"N9B 3P4", "basement"=>"2", "price"=>"333", "description"=>"sdad"}, "commit"=>"Create House"}
  [1m[36mUser Load (0.4ms)[0m  [1m[34mSELECT  "users".* FROM "users" WHERE "users"."id" = ? ORDER BY "users"."id" ASC LIMIT ?[0m  [["id", 1], ["LIMIT", 1]]
Unpermitted parameters: :city, :basement
  [1m[35m (0.1ms)[0m  [1m[36mbegin transaction[0m
  [1m[35m (0.1ms)[0m  [1m[31mrollback transaction[0m
  Rendering houses/new.html.erb within layouts/application
  Rendered houses/_form.html.erb (8.9ms)
  Rendered houses/new.html.erb within layouts/application (14.0ms)
Completed 401 Unauthorized in 36ms (ActiveRecord: 0.5ms)


  
ActionView::Template::Error (undefined method `map' for nil:NilClass):
    1: <%= simple_form_for @house, :html => { :multipart => true }  do |f| %>
    2:   <%= select_tag(:category_id,options_for_select(@categories),:prompt => "Select a category")%>
    3:   <%= f.input :address %>
    4:   <%= f.input :size, label: "Total House Size " %>
    5:   <%= f.input :room, label: "Number of Rooms" %>
  
app/views/houses/_form.html.erb:2:in `block in _app_views_houses__form_html_erb__3600093339002173271_70190037552260'
app/views/houses/_form.html.erb:1:in `_app_views_houses__form_html_erb__3600093339002173271_70190037552260'
app/views/houses/new.html.erb:2:in `_app_views_houses_new_html_erb___1419205346561089655_70190010071160'
app/controllers/houses_controller.rb:30:in `create'
Started GET "/houses/searchicon.png" for 127.0.0.1 at 2018-03-24 23:28:27 -0400
Processing by HousesController#show as PNG
  Parameters: {"id"=>"searchicon"}
  [1m[36mHouse Load (3.0ms)[0m  [1m[34mSELECT  "houses".* FROM "houses" WHERE "houses"."id" = ? LIMIT ?[0m  [["id", 0], ["LIMIT", 1]]
Completed 401 Unauthorized in 53ms (ActiveRecord: 3.0ms)


  
ActiveRecord::RecordNotFound (Couldn't find House with 'id'=searchicon):
  
app/controllers/houses_controller.rb:68:in `find_house'
Started DELETE "/users/sign_out" for 127.0.0.1 at 2018-03-24 23:28:33 -0400
Processing by Devise::SessionsController#destroy as HTML
  Parameters: {"authenticity_token"=>"fnkBVKGUpEXmneStYohoxUMsgxVLBV9MV+SDMTFCCpAlvSGGR+2Kec19err2Apj/UdNXGuzlFzuYBN4RweviIA=="}
  [1m[36mUser Load (0.3ms)[0m  [1m[34mSELECT  "users".* FROM "users" WHERE "users"."id" = ? ORDER BY "users"."id" ASC LIMIT ?[0m  [["id", 1], ["LIMIT", 1]]
  [1m[35m (0.2ms)[0m  [1m[36mbegin transaction[0m
  [1m[35m (0.1ms)[0m  [1m[36mcommit transaction[0m
Redirected to http://localhost:3000/
Completed 302 Found in 20ms (ActiveRecord: 0.7ms)


Started GET "/" for 127.0.0.1 at 2018-03-24 23:28:33 -0400
Processing by HousesController#index as HTML
  Rendering houses/index.html.erb within layouts/application
  [1m[35m (0.3ms)[0m  [1m[34mSELECT COUNT(*) FROM "houses"[0m
  Rendered houses/index.html.erb within layouts/application (11.7ms)
  [1m[36mCategory Load (0.1ms)[0m  [1m[34mSELECT "categories".* FROM "categories"[0m
Completed 200 OK in 117ms (Views: 112.9ms | ActiveRecord: 0.4ms)


Started GET "/users/sign_in" for 127.0.0.1 at 2018-03-24 23:33:45 -0400
Processing by Devise::SessionsController#new as HTML
  Rendering devise/sessions/new.html.erb within layouts/application
  Rendered devise/shared/_links.html.erb (1.4ms)
  Rendered devise/sessions/new.html.erb within layouts/application (28.3ms)
  [1m[36mCategory Load (0.5ms)[0m  [1m[34mSELECT "categories".* FROM "categories"[0m
Completed 200 OK in 130ms (Views: 124.4ms | ActiveRecord: 0.5ms)


Started POST "/users/sign_in" for 127.0.0.1 at 2018-03-24 23:33:54 -0400
Processing by Devise::SessionsController#create as HTML
  Parameters: {"utf8"=>"✓", "authenticity_token"=>"vbDWBKrUZFnfjqYnKJQagUKk7aLB2DagMgVJGlaaYtEMUb4yWQkga8yJxzxF7iHy43rpcjvUPdkNMrCwvVlokg==", "user"=>{"email"=>"111@ere.com", "password"=>"[FILTERED]", "remember_me"=>"0"}, "commit"=>"Log in"}
  [1m[36mUser Load (0.5ms)[0m  [1m[34mSELECT  "users".* FROM "users" WHERE "users"."email" = ? ORDER BY "users"."id" ASC LIMIT ?[0m  [["email", "111@ere.com"], ["LIMIT", 1]]
  [1m[35m (0.1ms)[0m  [1m[36mbegin transaction[0m
  [1m[35mSQL (0.5ms)[0m  [1m[33mUPDATE "users" SET "current_sign_in_at" = ?, "sign_in_count" = ?, "updated_at" = ? WHERE "users"."id" = ?[0m  [["current_sign_in_at", "2018-03-25 03:33:54.490549"], ["sign_in_count", 2], ["updated_at", "2018-03-25 03:33:54.491845"], ["id", 1]]
  [1m[35m (1.7ms)[0m  [1m[36mcommit transaction[0m
Redirected to http://localhost:3000/
Completed 302 Found in 183ms (ActiveRecord: 2.8ms)


Started GET "/" for 127.0.0.1 at 2018-03-24 23:33:54 -0400
Processing by HousesController#index as HTML
  Rendering houses/index.html.erb within layouts/application
  [1m[35m (0.2ms)[0m  [1m[34mSELECT COUNT(*) FROM "houses"[0m
  Rendered houses/index.html.erb within layouts/application (8.4ms)
  [1m[36mCategory Load (0.1ms)[0m  [1m[34mSELECT "categories".* FROM "categories"[0m
  [1m[36mUser Load (0.2ms)[0m  [1m[34mSELECT  "users".* FROM "users" WHERE "users"."id" = ? ORDER BY "users"."id" ASC LIMIT ?[0m  [["id", 1], ["LIMIT", 1]]
Completed 200 OK in 80ms (Views: 76.5ms | ActiveRecord: 0.5ms)


Started GET "/houses/new" for 127.0.0.1 at 2018-03-24 23:33:59 -0400
Processing by HousesController#new as HTML
  [1m[36mUser Load (0.4ms)[0m  [1m[34mSELECT  "users".* FROM "users" WHERE "users"."id" = ? ORDER BY "users"."id" ASC LIMIT ?[0m  [["id", 1], ["LIMIT", 1]]
  [1m[36mCategory Load (0.2ms)[0m  [1m[34mSELECT "categories".* FROM "categories"[0m
  Rendering houses/new.html.erb within layouts/application
  Rendered houses/_form.html.erb (16.1ms)
  Rendered houses/new.html.erb within layouts/application (19.2ms)
  [1m[36mCACHE Category Load (0.0ms)[0m  [1m[34mSELECT "categories".* FROM "categories"[0m
Completed 200 OK in 120ms (Views: 106.9ms | ActiveRecord: 0.7ms)


Started GET "/houses/new" for 127.0.0.1 at 2018-03-25 00:30:52 -0400
  [1m[35m (0.5ms)[0m  [1m[34mSELECT "schema_migrations"."version" FROM "schema_migrations" ORDER BY "schema_migrations"."version" ASC[0m
Processing by HousesController#new as HTML
  [1m[36mUser Load (0.5ms)[0m  [1m[34mSELECT  "users".* FROM "users" WHERE "users"."id" = ? ORDER BY "users"."id" ASC LIMIT ?[0m  [["id", 1], ["LIMIT", 1]]
  [1m[36mCategory Load (0.6ms)[0m  [1m[34mSELECT "categories".* FROM "categories"[0m
  Rendering houses/new.html.erb within layouts/application
  Rendered houses/_form.html.erb (119.7ms)
  Rendered houses/new.html.erb within layouts/application (125.1ms)
  [1m[36mCACHE Category Load (0.0ms)[0m  [1m[34mSELECT "categories".* FROM "categories"[0m
Completed 200 OK in 636ms (Views: 530.3ms | ActiveRecord: 3.7ms)


Started DELETE "/users/sign_out" for 127.0.0.1 at 2018-03-25 00:30:59 -0400
Processing by Devise::SessionsController#destroy as HTML
  Parameters: {"authenticity_token"=>"ij8PsOOjf+MMana1xzYvojoZ8yGc3QvOzbej+SjYxEyLusq7KGQZyeW6rvnq0xoJNC/n44m5QUUpzM5us3zbkA=="}
  [1m[36mUser Load (1.4ms)[0m  [1m[34mSELECT  "users".* FROM "users" WHERE "users"."id" = ? ORDER BY "users"."id" ASC LIMIT ?[0m  [["id", 1], ["LIMIT", 1]]
  [1m[35m (0.1ms)[0m  [1m[36mbegin transaction[0m
  [1m[35m (0.1ms)[0m  [1m[36mcommit transaction[0m
Redirected to http://localhost:3000/
Completed 302 Found in 10ms (ActiveRecord: 1.5ms)


Started GET "/" for 127.0.0.1 at 2018-03-25 00:30:59 -0400
Processing by HousesController#index as HTML
  Rendering houses/index.html.erb within layouts/application
  [1m[35m (0.4ms)[0m  [1m[34mSELECT COUNT(*) FROM "houses"[0m
  Rendered houses/index.html.erb within layouts/application (7.2ms)
  [1m[36mCategory Load (0.2ms)[0m  [1m[34mSELECT "categories".* FROM "categories"[0m
Completed 200 OK in 105ms (Views: 97.1ms | ActiveRecord: 0.6ms)


Started GET "/" for 127.0.0.1 at 2018-03-25 00:34:29 -0400
Processing by HousesController#index as HTML
  Rendering houses/index.html.erb within layouts/application
  [1m[35m (0.2ms)[0m  [1m[34mSELECT COUNT(*) FROM "houses"[0m
  Rendered houses/index.html.erb within layouts/application (6.8ms)
  [1m[36mCategory Load (0.3ms)[0m  [1m[34mSELECT "categories".* FROM "categories"[0m
Completed 200 OK in 106ms (Views: 102.6ms | ActiveRecord: 0.5ms)


Started GET "/" for 127.0.0.1 at 2018-03-25 00:34:44 -0400
Processing by HousesController#index as HTML
  Rendering houses/index.html.erb within layouts/application
  [1m[35m (0.1ms)[0m  [1m[34mSELECT COUNT(*) FROM "houses"[0m
  Rendered houses/index.html.erb within layouts/application (3.2ms)
  [1m[36mCategory Load (0.3ms)[0m  [1m[34mSELECT "categories".* FROM "categories"[0m
Completed 200 OK in 70ms (Views: 66.2ms | ActiveRecord: 0.4ms)


Started GET "/" for 127.0.0.1 at 2018-03-25 00:39:21 -0400
Processing by HousesController#index as HTML
  Rendering houses/index.html.erb within layouts/application
  [1m[35m (0.7ms)[0m  [1m[34mSELECT COUNT(*) FROM "houses"[0m
  Rendered houses/index.html.erb within layouts/application (5.2ms)
  [1m[36mCategory Load (0.4ms)[0m  [1m[34mSELECT "categories".* FROM "categories"[0m
Completed 200 OK in 78ms (Views: 72.7ms | ActiveRecord: 1.1ms)


Started GET "/" for 127.0.0.1 at 2018-03-25 00:39:23 -0400
Processing by HousesController#index as HTML
  Rendering houses/index.html.erb within layouts/application
  [1m[35m (0.1ms)[0m  [1m[34mSELECT COUNT(*) FROM "houses"[0m
  Rendered houses/index.html.erb within layouts/application (3.7ms)
  [1m[36mCategory Load (0.1ms)[0m  [1m[34mSELECT "categories".* FROM "categories"[0m
Completed 200 OK in 60ms (Views: 57.3ms | ActiveRecord: 0.3ms)


Started GET "/" for 127.0.0.1 at 2018-03-25 00:39:31 -0400
Processing by HousesController#index as HTML
  Rendering houses/index.html.erb within layouts/application
  [1m[35m (0.2ms)[0m  [1m[34mSELECT COUNT(*) FROM "houses"[0m
  Rendered houses/index.html.erb within layouts/application (3.7ms)
  [1m[36mCategory Load (0.3ms)[0m  [1m[34mSELECT "categories".* FROM "categories"[0m
Completed 200 OK in 66ms (Views: 63.1ms | ActiveRecord: 0.5ms)


Started GET "/" for 127.0.0.1 at 2018-03-25 00:39:33 -0400
Processing by HousesController#index as HTML
  Rendering houses/index.html.erb within layouts/application
  [1m[35m (0.1ms)[0m  [1m[34mSELECT COUNT(*) FROM "houses"[0m
  Rendered houses/index.html.erb within layouts/application (3.2ms)
  [1m[36mCategory Load (0.4ms)[0m  [1m[34mSELECT "categories".* FROM "categories"[0m
Completed 200 OK in 73ms (Views: 69.3ms | ActiveRecord: 0.5ms)


Started GET "/" for 127.0.0.1 at 2018-03-25 00:39:52 -0400
Processing by HousesController#index as HTML
  Rendering houses/index.html.erb within layouts/application
  [1m[35m (0.1ms)[0m  [1m[34mSELECT COUNT(*) FROM "houses"[0m
  Rendered houses/index.html.erb within layouts/application (3.0ms)
  [1m[36mCategory Load (0.2ms)[0m  [1m[34mSELECT "categories".* FROM "categories"[0m
Completed 200 OK in 62ms (Views: 59.2ms | ActiveRecord: 0.3ms)


Started GET "/" for 127.0.0.1 at 2018-03-25 00:39:59 -0400
Processing by HousesController#index as HTML
  Rendering houses/index.html.erb within layouts/application
  [1m[35m (0.2ms)[0m  [1m[34mSELECT COUNT(*) FROM "houses"[0m
  Rendered houses/index.html.erb within layouts/application (3.1ms)
  [1m[36mCategory Load (0.2ms)[0m  [1m[34mSELECT "categories".* FROM "categories"[0m
Completed 200 OK in 64ms (Views: 60.3ms | ActiveRecord: 0.3ms)


Started GET "/" for 127.0.0.1 at 2018-03-25 00:40:01 -0400
Processing by HousesController#index as HTML
  Rendering houses/index.html.erb within layouts/application
  [1m[35m (0.2ms)[0m  [1m[34mSELECT COUNT(*) FROM "houses"[0m
  Rendered houses/index.html.erb within layouts/application (4.4ms)
  [1m[36mCategory Load (0.2ms)[0m  [1m[34mSELECT "categories".* FROM "categories"[0m
Completed 200 OK in 64ms (Views: 60.5ms | ActiveRecord: 0.4ms)


Started GET "/" for 127.0.0.1 at 2018-03-25 00:40:58 -0400
Processing by HousesController#index as HTML
  Rendering houses/index.html.erb within layouts/application
  [1m[35m (0.2ms)[0m  [1m[34mSELECT COUNT(*) FROM "houses"[0m
  Rendered houses/index.html.erb within layouts/application (4.8ms)
  [1m[36mCategory Load (0.2ms)[0m  [1m[34mSELECT "categories".* FROM "categories"[0m
Completed 200 OK in 74ms (Views: 70.7ms | ActiveRecord: 0.4ms)


Started GET "/" for 127.0.0.1 at 2018-03-25 00:46:04 -0400
Processing by HousesController#index as HTML
  Rendering houses/index.html.erb within layouts/application
  [1m[35m (0.4ms)[0m  [1m[34mSELECT COUNT(*) FROM "houses"[0m
  Rendered houses/index.html.erb within layouts/application (14.0ms)
  [1m[36mCategory Load (0.2ms)[0m  [1m[34mSELECT "categories".* FROM "categories"[0m
Completed 200 OK in 88ms (Views: 81.3ms | ActiveRecord: 0.6ms)


Started GET "/" for 127.0.0.1 at 2018-03-25 00:46:26 -0400
Processing by HousesController#index as HTML
  Rendering houses/index.html.erb within layouts/application
  [1m[35m (0.4ms)[0m  [1m[34mSELECT COUNT(*) FROM "houses"[0m
  Rendered houses/index.html.erb within layouts/application (5.3ms)
  [1m[36mCategory Load (0.3ms)[0m  [1m[34mSELECT "categories".* FROM "categories"[0m
Completed 200 OK in 72ms (Views: 67.8ms | ActiveRecord: 0.7ms)


Started GET "/" for 127.0.0.1 at 2018-03-25 00:46:43 -0400
Processing by HousesController#index as HTML
  Rendering houses/index.html.erb within layouts/application
  [1m[35m (0.2ms)[0m  [1m[34mSELECT COUNT(*) FROM "houses"[0m
  Rendered houses/index.html.erb within layouts/application (3.3ms)
  [1m[36mCategory Load (0.3ms)[0m  [1m[34mSELECT "categories".* FROM "categories"[0m
Completed 200 OK in 59ms (Views: 55.1ms | ActiveRecord: 0.5ms)


Started GET "/" for 127.0.0.1 at 2018-03-25 00:46:58 -0400
Processing by HousesController#index as HTML
  Rendering houses/index.html.erb within layouts/application
  [1m[35m (0.2ms)[0m  [1m[34mSELECT COUNT(*) FROM "houses"[0m
  Rendered houses/index.html.erb within layouts/application (3.7ms)
  [1m[36mCategory Load (0.2ms)[0m  [1m[34mSELECT "categories".* FROM "categories"[0m
Completed 200 OK in 60ms (Views: 56.9ms | ActiveRecord: 0.3ms)


Started GET "/" for 127.0.0.1 at 2018-03-25 00:47:14 -0400
Processing by HousesController#index as HTML
  Rendering houses/index.html.erb within layouts/application
  [1m[35m (0.2ms)[0m  [1m[34mSELECT COUNT(*) FROM "houses"[0m
  Rendered houses/index.html.erb within layouts/application (5.7ms)
  [1m[36mCategory Load (0.2ms)[0m  [1m[34mSELECT "categories".* FROM "categories"[0m
Completed 200 OK in 78ms (Views: 74.6ms | ActiveRecord: 0.4ms)


Started GET "/" for 127.0.0.1 at 2018-03-25 00:47:16 -0400
Processing by HousesController#index as HTML
  Rendering houses/index.html.erb within layouts/application
  [1m[35m (0.2ms)[0m  [1m[34mSELECT COUNT(*) FROM "houses"[0m
  Rendered houses/index.html.erb within layouts/application (4.7ms)
  [1m[36mCategory Load (0.2ms)[0m  [1m[34mSELECT "categories".* FROM "categories"[0m
Completed 200 OK in 139ms (Views: 135.9ms | ActiveRecord: 0.4ms)


Started GET "/" for 127.0.0.1 at 2018-03-25 00:47:25 -0400
Processing by HousesController#index as HTML
  Rendering houses/index.html.erb within layouts/application
  [1m[35m (0.1ms)[0m  [1m[34mSELECT COUNT(*) FROM "houses"[0m
  Rendered houses/index.html.erb within layouts/application (5.1ms)
  [1m[36mCategory Load (0.2ms)[0m  [1m[34mSELECT "categories".* FROM "categories"[0m
Completed 200 OK in 80ms (Views: 76.6ms | ActiveRecord: 0.3ms)


Started GET "/" for 127.0.0.1 at 2018-03-25 00:47:27 -0400
Processing by HousesController#index as HTML
  Rendering houses/index.html.erb within layouts/application
  [1m[35m (0.3ms)[0m  [1m[34mSELECT COUNT(*) FROM "houses"[0m
  Rendered houses/index.html.erb within layouts/application (3.7ms)
  [1m[36mCategory Load (0.2ms)[0m  [1m[34mSELECT "categories".* FROM "categories"[0m
Completed 200 OK in 60ms (Views: 57.0ms | ActiveRecord: 0.5ms)


Started GET "/" for 127.0.0.1 at 2018-03-25 00:47:54 -0400
Processing by HousesController#index as HTML
  Rendering houses/index.html.erb within layouts/application
  [1m[35m (0.2ms)[0m  [1m[34mSELECT COUNT(*) FROM "houses"[0m
  Rendered houses/index.html.erb within layouts/application (3.9ms)
  [1m[36mCategory Load (0.2ms)[0m  [1m[34mSELECT "categories".* FROM "categories"[0m
Completed 200 OK in 81ms (Views: 78.4ms | ActiveRecord: 0.4ms)


Started GET "/" for 127.0.0.1 at 2018-03-25 00:48:06 -0400
Processing by HousesController#index as HTML
  Rendering houses/index.html.erb within layouts/application
  [1m[35m (0.2ms)[0m  [1m[34mSELECT COUNT(*) FROM "houses"[0m
  Rendered houses/index.html.erb within layouts/application (3.7ms)
  [1m[36mCategory Load (0.2ms)[0m  [1m[34mSELECT "categories".* FROM "categories"[0m
Completed 200 OK in 62ms (Views: 57.9ms | ActiveRecord: 0.4ms)


Started GET "/" for 127.0.0.1 at 2018-03-25 00:55:21 -0400
Processing by HousesController#index as HTML
  Rendering houses/index.html.erb within layouts/application
  [1m[35m (0.2ms)[0m  [1m[34mSELECT COUNT(*) FROM "houses"[0m
  Rendered houses/index.html.erb within layouts/application (5.4ms)
  [1m[36mCategory Load (0.2ms)[0m  [1m[34mSELECT "categories".* FROM "categories"[0m
Completed 200 OK in 81ms (Views: 77.7ms | ActiveRecord: 0.3ms)


Started GET "/" for 127.0.0.1 at 2018-03-25 01:06:11 -0400
Processing by HousesController#index as HTML
  Rendering houses/index.html.erb within layouts/application
  [1m[35m (1.7ms)[0m  [1m[34mSELECT COUNT(*) FROM "houses"[0m
  Rendered houses/index.html.erb within layouts/application (28.7ms)
  [1m[36mCategory Load (0.5ms)[0m  [1m[34mSELECT "categories".* FROM "categories"[0m
Completed 200 OK in 192ms (Views: 174.3ms | ActiveRecord: 2.2ms)


Started GET "/" for 127.0.0.1 at 2018-03-25 01:06:22 -0400
Processing by HousesController#index as HTML
  Rendering houses/index.html.erb within layouts/application
  [1m[35m (0.2ms)[0m  [1m[34mSELECT COUNT(*) FROM "houses"[0m
  Rendered houses/index.html.erb within layouts/application (7.1ms)
  [1m[36mCategory Load (0.6ms)[0m  [1m[34mSELECT "categories".* FROM "categories"[0m
Completed 200 OK in 154ms (Views: 148.7ms | ActiveRecord: 0.8ms)


  [1m[36mCategory Load (1.9ms)[0m  [1m[34mSELECT  "categories".* FROM "categories" LIMIT ?[0m  [["LIMIT", 11]]
  [1m[35m (0.1ms)[0m  [1m[36mbegin transaction[0m
  [1m[35mSQL (1.0ms)[0m  [1m[32mINSERT INTO "categories" ("name", "created_at", "updated_at") VALUES (?, ?, ?)[0m  [["name", "Single-Family"], ["created_at", "2018-03-25 20:14:59.342535"], ["updated_at", "2018-03-25 20:14:59.342535"]]
  [1m[35m (1.5ms)[0m  [1m[36mcommit transaction[0m
Started GET "/" for 127.0.0.1 at 2018-03-25 16:15:47 -0400
  [1m[35m (0.5ms)[0m  [1m[34mSELECT "schema_migrations"."version" FROM "schema_migrations" ORDER BY "schema_migrations"."version" ASC[0m
Processing by HousesController#index as HTML
  Rendering houses/index.html.erb within layouts/application
  [1m[35m (0.5ms)[0m  [1m[34mSELECT COUNT(*) FROM "houses"[0m
  Rendered houses/index.html.erb within layouts/application (305.9ms)
  [1m[36mCategory Load (0.5ms)[0m  [1m[34mSELECT "categories".* FROM "categories"[0m
Completed 200 OK in 481ms (Views: 457.8ms | ActiveRecord: 2.9ms)


Started GET "/users/sign_in" for 127.0.0.1 at 2018-03-25 16:15:50 -0400
Processing by Devise::SessionsController#new as HTML
  Rendering devise/sessions/new.html.erb within layouts/application
  Rendered devise/shared/_links.html.erb (1.1ms)
  Rendered devise/sessions/new.html.erb within layouts/application (81.2ms)
  [1m[36mCategory Load (0.4ms)[0m  [1m[34mSELECT "categories".* FROM "categories"[0m
Completed 200 OK in 166ms (Views: 140.9ms | ActiveRecord: 2.0ms)


Started GET "/users/sign_up" for 127.0.0.1 at 2018-03-25 16:16:09 -0400
Processing by Devise::RegistrationsController#new as HTML
  Rendering devise/registrations/new.html.erb within layouts/application
  Rendered devise/shared/_links.html.erb (1.1ms)
  Rendered devise/registrations/new.html.erb within layouts/application (14.8ms)
  [1m[36mCategory Load (0.3ms)[0m  [1m[34mSELECT "categories".* FROM "categories"[0m
Completed 200 OK in 115ms (Views: 113.4ms | ActiveRecord: 0.3ms)


Started GET "/users/sign_in" for 127.0.0.1 at 2018-03-25 16:16:15 -0400
Processing by Devise::SessionsController#new as HTML
  Rendering devise/sessions/new.html.erb within layouts/application
  Rendered devise/shared/_links.html.erb (1.2ms)
  Rendered devise/sessions/new.html.erb within layouts/application (25.9ms)
  [1m[36mCategory Load (0.3ms)[0m  [1m[34mSELECT "categories".* FROM "categories"[0m
Completed 200 OK in 105ms (Views: 103.8ms | ActiveRecord: 0.3ms)


Started GET "/users/sign_up" for 127.0.0.1 at 2018-03-25 16:16:23 -0400
Processing by Devise::RegistrationsController#new as HTML
  Rendering devise/registrations/new.html.erb within layouts/application
  Rendered devise/shared/_links.html.erb (1.6ms)
  Rendered devise/registrations/new.html.erb within layouts/application (20.6ms)
  [1m[36mCategory Load (0.1ms)[0m  [1m[34mSELECT "categories".* FROM "categories"[0m
Completed 200 OK in 95ms (Views: 93.7ms | ActiveRecord: 0.1ms)


Started GET "/users/sign_in" for 127.0.0.1 at 2018-03-25 16:16:41 -0400
Processing by Devise::SessionsController#new as HTML
  Rendering devise/sessions/new.html.erb within layouts/application
  Rendered devise/shared/_links.html.erb (1.0ms)
  Rendered devise/sessions/new.html.erb within layouts/application (19.3ms)
  [1m[36mCategory Load (0.2ms)[0m  [1m[34mSELECT "categories".* FROM "categories"[0m
Completed 200 OK in 112ms (Views: 110.3ms | ActiveRecord: 0.2ms)


Started POST "/users/sign_in" for 127.0.0.1 at 2018-03-25 16:16:46 -0400
Processing by Devise::SessionsController#create as HTML
  Parameters: {"utf8"=>"✓", "authenticity_token"=>"dc/fuoO1HzsikzgOBZzKcguDssXdIVVG1y/ZPFg4GjAxAnmaY/i4kcvgka94bJsICOExBe5wQLmW8MzV2Y/RlQ==", "user"=>{"email"=>"frank", "password"=>"[FILTERED]", "remember_me"=>"0"}, "commit"=>"Log in"}
  [1m[36mUser Load (0.4ms)[0m  [1m[34mSELECT  "users".* FROM "users" WHERE "users"."email" = ? ORDER BY "users"."id" ASC LIMIT ?[0m  [["email", "frank"], ["LIMIT", 1]]
Completed 401 Unauthorized in 4ms (ActiveRecord: 0.4ms)


Processing by Devise::SessionsController#new as HTML
  Parameters: {"utf8"=>"✓", "authenticity_token"=>"dc/fuoO1HzsikzgOBZzKcguDssXdIVVG1y/ZPFg4GjAxAnmaY/i4kcvgka94bJsICOExBe5wQLmW8MzV2Y/RlQ==", "user"=>{"email"=>"frank", "password"=>"[FILTERED]", "remember_me"=>"0"}, "commit"=>"Log in"}
  Rendering devise/sessions/new.html.erb within layouts/application
  Rendered devise/shared/_links.html.erb (0.8ms)
  Rendered devise/sessions/new.html.erb within layouts/application (8.0ms)
  [1m[36mCategory Load (0.3ms)[0m  [1m[34mSELECT "categories".* FROM "categories"[0m
Completed 200 OK in 205ms (Views: 61.4ms | ActiveRecord: 0.3ms)


Started POST "/users/sign_in" for 127.0.0.1 at 2018-03-25 16:16:51 -0400
Processing by Devise::SessionsController#create as HTML
  Parameters: {"utf8"=>"✓", "authenticity_token"=>"OOEyTR9PMUXAOrb7O/PXa4JnLhropzmuW9DjDscML5XVfXDwlAHRieKTzr5RbMEsNdtnHgvUJ014E5DhbfEOmg==", "user"=>{"email"=>"frank", "password"=>"[FILTERED]", "remember_me"=>"0"}, "commit"=>"Log in"}
  [1m[36mUser Load (0.2ms)[0m  [1m[34mSELECT  "users".* FROM "users" WHERE "users"."email" = ? ORDER BY "users"."id" ASC LIMIT ?[0m  [["email", "frank"], ["LIMIT", 1]]
Completed 401 Unauthorized in 2ms (ActiveRecord: 0.2ms)


Processing by Devise::SessionsController#new as HTML
  Parameters: {"utf8"=>"✓", "authenticity_token"=>"OOEyTR9PMUXAOrb7O/PXa4JnLhropzmuW9DjDscML5XVfXDwlAHRieKTzr5RbMEsNdtnHgvUJ014E5DhbfEOmg==", "user"=>{"email"=>"frank", "password"=>"[FILTERED]", "remember_me"=>"0"}, "commit"=>"Log in"}
  Rendering devise/sessions/new.html.erb within layouts/application
  Rendered devise/shared/_links.html.erb (1.0ms)
  Rendered devise/sessions/new.html.erb within layouts/application (9.3ms)
  [1m[36mCategory Load (0.2ms)[0m  [1m[34mSELECT "categories".* FROM "categories"[0m
Completed 200 OK in 208ms (Views: 71.3ms | ActiveRecord: 0.2ms)


Started GET "/users/sign_up" for 127.0.0.1 at 2018-03-25 16:16:55 -0400
Processing by Devise::RegistrationsController#new as HTML
  Rendering devise/registrations/new.html.erb within layouts/application
  Rendered devise/shared/_links.html.erb (1.4ms)
  Rendered devise/registrations/new.html.erb within layouts/application (22.1ms)
  [1m[36mCategory Load (0.2ms)[0m  [1m[34mSELECT "categories".* FROM "categories"[0m
Completed 200 OK in 91ms (Views: 90.1ms | ActiveRecord: 0.2ms)


Started POST "/users" for 127.0.0.1 at 2018-03-25 16:17:12 -0400
Processing by Devise::RegistrationsController#create as HTML
  Parameters: {"utf8"=>"✓", "authenticity_token"=>"46DjMSMZY5krHZUmcnDiefxt7jdtnHRM9ySI+hSd3G9vYRbQaQkoiJ0Qz2wypMlXWGwXrWvY123JpmKdZauwZw==", "user"=>{"name"=>"frank", "email"=>"123", "password"=>"[FILTERED]", "password_confirmation"=>"[FILTERED]"}, "commit"=>"Sign up"}
Unpermitted parameter: :name
  [1m[35m (0.1ms)[0m  [1m[36mbegin transaction[0m
  [1m[36mUser Exists (0.2ms)[0m  [1m[34mSELECT  1 AS one FROM "users" WHERE "users"."email" = ? LIMIT ?[0m  [["email", "123"], ["LIMIT", 1]]
  [1m[35m (0.1ms)[0m  [1m[31mrollback transaction[0m
  Rendering devise/registrations/new.html.erb within layouts/application
  Rendered devise/shared/_links.html.erb (0.8ms)
  Rendered devise/registrations/new.html.erb within layouts/application (10.5ms)
  [1m[36mCategory Load (0.3ms)[0m  [1m[34mSELECT "categories".* FROM "categories"[0m
Completed 200 OK in 224ms (Views: 67.3ms | ActiveRecord: 0.6ms)


Started POST "/users" for 127.0.0.1 at 2018-03-25 16:17:30 -0400
Processing by Devise::RegistrationsController#create as HTML
  Parameters: {"utf8"=>"✓", "authenticity_token"=>"ij79PCAZ1ysSa6/ONsfrXnRXKjtNK2fhbf4HjARtmppnor+Bq1c35zDC14tcWP0Zw+tjP65YeQJOPXRjrpC7lQ==", "user"=>{"name"=>"frank", "email"=>"123@gmail.com", "password"=>"[FILTERED]", "password_confirmation"=>"[FILTERED]"}, "commit"=>"Sign up"}
Unpermitted parameter: :name
  [1m[35m (0.1ms)[0m  [1m[36mbegin transaction[0m
  [1m[36mUser Exists (0.1ms)[0m  [1m[34mSELECT  1 AS one FROM "users" WHERE "users"."email" = ? LIMIT ?[0m  [["email", "123@gmail.com"], ["LIMIT", 1]]
  [1m[35mSQL (1.8ms)[0m  [1m[32mINSERT INTO "users" ("email", "encrypted_password", "created_at", "updated_at") VALUES (?, ?, ?, ?)[0m  [["email", "123@gmail.com"], ["encrypted_password", "$2a$11$vZvotS0PEWOvE5p12OXW/uTonJDuL3/zsDkKmYl9x2DZzzX8xpVtO"], ["created_at", "2018-03-25 20:17:30.699754"], ["updated_at", "2018-03-25 20:17:30.699754"]]
  [1m[35m (1.1ms)[0m  [1m[36mcommit transaction[0m
  [1m[35m (0.1ms)[0m  [1m[36mbegin transaction[0m
  [1m[35mSQL (1.1ms)[0m  [1m[33mUPDATE "users" SET "sign_in_count" = ?, "current_sign_in_at" = ?, "last_sign_in_at" = ?, "current_sign_in_ip" = ?, "last_sign_in_ip" = ?, "updated_at" = ? WHERE "users"."id" = ?[0m  [["sign_in_count", 1], ["current_sign_in_at", "2018-03-25 20:17:30.704751"], ["last_sign_in_at", "2018-03-25 20:17:30.704751"], ["current_sign_in_ip", "127.0.0.1"], ["last_sign_in_ip", "127.0.0.1"], ["updated_at", "2018-03-25 20:17:30.705775"], ["id", 2]]
  [1m[35m (2.0ms)[0m  [1m[36mcommit transaction[0m
Redirected to http://localhost:3000/
Completed 302 Found in 166ms (ActiveRecord: 6.4ms)


Started GET "/" for 127.0.0.1 at 2018-03-25 16:17:30 -0400
Processing by HousesController#index as HTML
  Rendering houses/index.html.erb within layouts/application
  [1m[35m (0.2ms)[0m  [1m[34mSELECT COUNT(*) FROM "houses"[0m
  Rendered houses/index.html.erb within layouts/application (3.5ms)
  [1m[36mCategory Load (0.2ms)[0m  [1m[34mSELECT "categories".* FROM "categories"[0m
  [1m[36mUser Load (0.2ms)[0m  [1m[34mSELECT  "users".* FROM "users" WHERE "users"."id" = ? ORDER BY "users"."id" ASC LIMIT ?[0m  [["id", 2], ["LIMIT", 1]]
Completed 200 OK in 67ms (Views: 63.9ms | ActiveRecord: 0.6ms)


Started GET "/houses/new" for 127.0.0.1 at 2018-03-25 16:17:35 -0400
Processing by HousesController#new as HTML
  [1m[36mUser Load (0.2ms)[0m  [1m[34mSELECT  "users".* FROM "users" WHERE "users"."id" = ? ORDER BY "users"."id" ASC LIMIT ?[0m  [["id", 2], ["LIMIT", 1]]
  [1m[36mCategory Load (0.2ms)[0m  [1m[34mSELECT "categories".* FROM "categories"[0m
  Rendering houses/new.html.erb within layouts/application
  Rendered houses/_form.html.erb (12.6ms)
  Rendered houses/new.html.erb within layouts/application (15.6ms)
  [1m[36mCACHE Category Load (0.0ms)[0m  [1m[34mSELECT "categories".* FROM "categories"[0m
Completed 200 OK in 126ms (Views: 76.0ms | ActiveRecord: 1.2ms)


Started POST "/houses" for 127.0.0.1 at 2018-03-25 16:18:29 -0400
Processing by HousesController#create as HTML
  Parameters: {"utf8"=>"✓", "authenticity_token"=>"lW9lwjU93h6QSiiNFxyKJlNhA/a8BWQxj205bm5lv0v/3GS0AI+0R//vQjk+g3ZBFIxSMnVtUBwVgAvHTya5+g==", "category_id"=>"1", "house"=>{"address"=>"w23123123ff", "size"=>"22", "room"=>"222", "bathroom"=>"1", "city"=>"Windsor", "postal_code"=>"N9B 3P4", "basement"=>"2", "price"=>"2323", "description"=>"ewwew"}, "commit"=>"Create House"}
  [1m[36mUser Load (0.6ms)[0m  [1m[34mSELECT  "users".* FROM "users" WHERE "users"."id" = ? ORDER BY "users"."id" ASC LIMIT ?[0m  [["id", 2], ["LIMIT", 1]]
Unpermitted parameters: :city, :basement
  [1m[35m (0.1ms)[0m  [1m[36mbegin transaction[0m
  [1m[36mCategory Load (0.2ms)[0m  [1m[34mSELECT  "categories".* FROM "categories" WHERE "categories"."id" = ? LIMIT ?[0m  [["id", 1], ["LIMIT", 1]]
  [1m[35mSQL (0.7ms)[0m  [1m[32mINSERT INTO "houses" ("address", "size", "room", "bathroom", "postal_code", "price", "created_at", "updated_at", "description", "user_id", "category_id") VALUES (?, ?, ?, ?, ?, ?, ?, ?, ?, ?, ?)[0m  [["address", "w23123123ff"], ["size", 22], ["room", 222], ["bathroom", 1], ["postal_code", "N9B 3P4"], ["price", 2323], ["created_at", "2018-03-25 20:18:29.489918"], ["updated_at", "2018-03-25 20:18:29.489918"], ["description", "ewwew"], ["user_id", 2], ["category_id", 1]]
  [1m[35m (0.6ms)[0m  [1m[36mcommit transaction[0m
Redirected to http://localhost:3000/
Completed 302 Found in 15ms (ActiveRecord: 2.3ms)


Started GET "/" for 127.0.0.1 at 2018-03-25 16:18:29 -0400
Processing by HousesController#index as HTML
  Rendering houses/index.html.erb within layouts/application
  [1m[35m (0.3ms)[0m  [1m[34mSELECT COUNT(*) FROM "houses"[0m
  [1m[36mHouse Load (0.2ms)[0m  [1m[34mSELECT "houses".* FROM "houses" ORDER BY created_at DESC[0m
  Rendered houses/index.html.erb within layouts/application (8.2ms)
  [1m[36mCategory Load (0.2ms)[0m  [1m[34mSELECT "categories".* FROM "categories"[0m
  [1m[36mUser Load (0.2ms)[0m  [1m[34mSELECT  "users".* FROM "users" WHERE "users"."id" = ? ORDER BY "users"."id" ASC LIMIT ?[0m  [["id", 2], ["LIMIT", 1]]
Completed 200 OK in 99ms (Views: 93.7ms | ActiveRecord: 0.8ms)


Started GET "/houses/1" for 127.0.0.1 at 2018-03-25 16:18:39 -0400
Processing by HousesController#show as HTML
  Parameters: {"id"=>"1"}
  [1m[36mHouse Load (0.4ms)[0m  [1m[34mSELECT  "houses".* FROM "houses" WHERE "houses"."id" = ? LIMIT ?[0m  [["id", 1], ["LIMIT", 1]]
  Rendering houses/show.html.erb within layouts/application
  [1m[36mUser Load (0.2ms)[0m  [1m[34mSELECT  "users".* FROM "users" WHERE "users"."id" = ? ORDER BY "users"."id" ASC LIMIT ?[0m  [["id", 2], ["LIMIT", 1]]
  Rendered houses/show.html.erb within layouts/application (2.6ms)
  [1m[36mCategory Load (0.2ms)[0m  [1m[34mSELECT "categories".* FROM "categories"[0m
Completed 200 OK in 68ms (Views: 62.1ms | ActiveRecord: 0.8ms)


